<?xml version="1.0" encoding="UTF-8"?>
<testng-results skipped="0" failed="0" ignored="0" total="1" passed="1">
  <reporter-output>
  </reporter-output>
  <suite name="Default suite" duration-ms="26824" started-at="2020-04-22T21:13:04Z" finished-at="2020-04-22T21:13:31Z">
    <groups>
    </groups>
    <test name="Default test" duration-ms="26824" started-at="2020-04-22T21:13:04Z" finished-at="2020-04-22T21:13:31Z">
      <class name="com.crm.qa.testcases.HomePageTest">
        <test-method status="PASS" signature="setUp()[pri:0, instance:com.crm.qa.testcases.HomePageTest@59fa1d9b]" name="setUp" is-config="true" duration-ms="13251" started-at="2020-04-23T02:43:04Z" finished-at="2020-04-23T02:43:17Z">
          <reporter-output>
          </reporter-output>
        </test-method> <!-- setUp -->
        <test-method status="PASS" signature="verifyHomePageTitleTest()[pri:1, instance:com.crm.qa.testcases.HomePageTest@59fa1d9b]" name="verifyHomePageTitleTest" duration-ms="13552" started-at="2020-04-23T02:43:17Z" finished-at="2020-04-23T02:43:31Z">
          <reporter-output>
          </reporter-output>
        </test-method> <!-- verifyHomePageTitleTest -->
        <test-method status="PASS" signature="tearDown()[pri:0, instance:com.crm.qa.testcases.HomePageTest@59fa1d9b]" name="tearDown" is-config="true" duration-ms="0" started-at="2020-04-23T02:43:31Z" finished-at="2020-04-23T02:43:31Z">
          <reporter-output>
          </reporter-output>
        </test-method> <!-- tearDown -->
      </class> <!-- com.crm.qa.testcases.HomePageTest -->
    </test> <!-- Default test -->
  </suite> <!-- Default suite -->
</testng-results>
